app/build/intermediates/manifest_merge_blame_file/debug/manifest-merger-blame-debug-report.txt
1<?xml version="1.0" encoding="utf-8"?>
2<manifest xmlns:android="http://schemas.android.com/apk/res/android"
3    package="com.android.gl2jni" >
4
5    <uses-sdk
6        android:minSdkVersion="18"
6-->src/main/AndroidManifest.xml
7        android:targetSdkVersion="28" />
7-->src/main/AndroidManifest.xml
8
9    <uses-feature android:glEsVersion="0x00020000" />
9-->src/main/AndroidManifest.xml:4:3-51
9-->src/main/AndroidManifest.xml:4:17-49
10
11    <application
11-->src/main/AndroidManifest.xml:5:3-19:17
12        android:allowBackup="false"
12-->src/main/AndroidManifest.xml:6:7-34
13        android:debuggable="true"
14        android:fullBackupContent="false"
14-->src/main/AndroidManifest.xml:7:7-40
15        android:icon="@mipmap/ic_launcher"
15-->src/main/AndroidManifest.xml:8:7-41
16        android:label="@string/gl2jni_activity"
16-->src/main/AndroidManifest.xml:9:7-46
17        android:testOnly="true" >
18        <activity
18-->src/main/AndroidManifest.xml:10:5-18:16
19            android:name="com.android.gl2jni.GL2JNIActivity"
19-->src/main/AndroidManifest.xml:10:15-44
20            android:configChanges="orientation|keyboardHidden"
20-->src/main/AndroidManifest.xml:13:15-65
21            android:launchMode="singleTask"
21-->src/main/AndroidManifest.xml:12:15-46
22            android:theme="@android:style/Theme.NoTitleBar.Fullscreen" >
22-->src/main/AndroidManifest.xml:11:15-73
23            <intent-filter>
23-->src/main/AndroidManifest.xml:14:7-17:23
24                <action android:name="android.intent.action.MAIN" />
24-->src/main/AndroidManifest.xml:15:9-61
24-->src/main/AndroidManifest.xml:15:17-58
25
26                <category android:name="android.intent.category.LAUNCHER" />
26-->src/main/AndroidManifest.xml:16:9-69
26-->src/main/AndroidManifest.xml:16:19-66
27            </intent-filter>
28        </activity>
29    </application>
30
31</manifest>